e:\work\mmvsskursgen\x64\debug\inputnumtable.obj
e:\work\mmvsskursgen\x64\debug\main.obj
e:\work\mmvsskursgen\x64\debug\moc_bandwidthtable.obj
e:\work\mmvsskursgen\x64\debug\moc_streamstable.obj
e:\work\mmvsskursgen\x64\debug\intensitydttable.obj
e:\work\mmvsskursgen\x64\debug\intensitytable.obj
e:\work\mmvsskursgen\x64\debug\streamstable.obj
e:\work\mmvsskursgen\x64\debug\moc_intensitytable.obj
e:\work\mmvsskursgen\x64\debug\bandwidthtable.obj
e:\work\mmvsskursgen\x64\debug\shortesttable.obj
e:\work\mmvsskursgen\x64\debug\moc_intensitydttable.obj
e:\work\mmvsskursgen\x64\debug\moc_shortesttable.obj
e:\work\mmvsskursgen\x64\debug\deltable.obj
e:\work\mmvsskursgen\x64\debug\mmvsskursovaya.obj
e:\work\mmvsskursgen\x64\debug\moc_deltable.obj
e:\work\mmvsskursgen\x64\debug\moc_mmvsskursovaya.obj
e:\work\mmvsskursgen\x64\debug\inputtable.obj
e:\work\mmvsskursgen\x64\debug\moc_inputnumtable.obj
e:\work\mmvsskursgen\x64\debug\moc_inputtable.obj
e:\work\mmvsskursgen\x64\debug\vc141.pdb
e:\work\mmvsskursgen\x64\debug\dltable.obj
e:\work\mmvsskursgen\x64\debug\moc_dltable.obj
e:\work\mmvsskursgen\x64\debug\moc_otable.obj
e:\work\mmvsskursgen\x64\debug\botable.obj
e:\work\mmvsskursgen\x64\debug\moc_botable.obj
e:\work\mmvsskursgen\x64\debug\otable.obj
e:\work\mmvsskursgen\debug\moc_predefs.h
e:\work\mmvsskursgen\debug\mmvsskursgen.exe
e:\work\mmvsskursgen\debug\mmvsskursgen.ilk
e:\work\mmvsskursgen\debug\mmvsskursgen.pdb
e:\work\mmvsskursgen\generatedfiles\debug\moc_inputtable.cpp
e:\work\mmvsskursgen\generatedfiles\debug\moc_mmvsskursovaya.cpp
e:\work\mmvsskursgen\generatedfiles\debug\moc_inputnumtable.cpp
e:\work\mmvsskursgen\generatedfiles\debug\moc_intensitytable.cpp
e:\work\mmvsskursgen\generatedfiles\debug\moc_shortesttable.cpp
e:\work\mmvsskursgen\generatedfiles\debug\moc_bandwidthtable.cpp
e:\work\mmvsskursgen\generatedfiles\debug\moc_deltable.cpp
e:\work\mmvsskursgen\generatedfiles\debug\moc_intensitydttable.cpp
e:\work\mmvsskursgen\generatedfiles\debug\moc_streamstable.cpp
e:\work\mmvsskursgen\generatedfiles\debug\moc_dltable.cpp
e:\work\mmvsskursgen\generatedfiles\debug\moc_botable.cpp
e:\work\mmvsskursgen\generatedfiles\debug\moc_otable.cpp
e:\work\mmvsskursgen\.\generatedfiles\debug\moc_bandwidthtable.cpp
e:\work\mmvsskursgen\.\generatedfiles\debug\moc_botable.cpp
e:\work\mmvsskursgen\.\generatedfiles\debug\moc_deltable.cpp
e:\work\mmvsskursgen\.\generatedfiles\debug\moc_dltable.cpp
e:\work\mmvsskursgen\.\generatedfiles\debug\moc_inputnumtable.cpp
e:\work\mmvsskursgen\.\generatedfiles\debug\moc_inputtable.cpp
e:\work\mmvsskursgen\.\generatedfiles\debug\moc_intensitydttable.cpp
e:\work\mmvsskursgen\.\generatedfiles\debug\moc_intensitytable.cpp
e:\work\mmvsskursgen\.\generatedfiles\debug\moc_mmvsskursovaya.cpp
e:\work\mmvsskursgen\.\generatedfiles\debug\moc_otable.cpp
e:\work\mmvsskursgen\.\generatedfiles\debug\moc_shortesttable.cpp
e:\work\mmvsskursgen\.\generatedfiles\debug\moc_streamstable.cpp
e:\work\mmvsskursgen\x64\debug\mmvsskursgen.tlog\cl.10264.write.1.tlog
e:\work\mmvsskursgen\x64\debug\mmvsskursgen.tlog\cl.command.1.tlog
e:\work\mmvsskursgen\x64\debug\mmvsskursgen.tlog\cl.read.1.tlog
e:\work\mmvsskursgen\x64\debug\mmvsskursgen.tlog\custombuild.command.1.tlog
e:\work\mmvsskursgen\x64\debug\mmvsskursgen.tlog\custombuild.read.1.tlog
e:\work\mmvsskursgen\x64\debug\mmvsskursgen.tlog\custombuild.write.1.tlog
e:\work\mmvsskursgen\x64\debug\mmvsskursgen.tlog\link.command.1.tlog
e:\work\mmvsskursgen\x64\debug\mmvsskursgen.tlog\link.read.1.tlog
e:\work\mmvsskursgen\x64\debug\mmvsskursgen.tlog\link.write.1.tlog
e:\work\mmvsskursgen\x64\debug\mmvsskursgen.tlog\mmvsskursgen.write.1u.tlog
e:\work\mmvsskursgen\x64\debug\mmvsskursgen.tlog\qtmoc.read.1u.tlog
e:\work\mmvsskursgen\x64\debug\mmvsskursgen.tlog\qtmoc.write.1u.tlog
